2025-03-13 18:02:56,064 INFO    StreamThr :10324 [internal.py:wandb_internal():86] W&B internal server running at pid: 10324, started at: 2025-03-13 18:02:56.063454
2025-03-13 18:02:56,065 DEBUG   HandlerThread:10324 [handler.py:handle_request():144] handle_request: status
2025-03-13 18:02:56,070 INFO    WriterThread:10324 [datastore.py:open_for_write():85] open: E:\zjh\pykt-toolkit-main\examples\wandb\run-20250313_180255-e7dtmomk\run-e7dtmomk.wandb
2025-03-13 18:02:56,071 DEBUG   SenderThread:10324 [sender.py:send():379] send: header
2025-03-13 18:02:56,073 DEBUG   SenderThread:10324 [sender.py:send():379] send: run
2025-03-13 18:02:56,076 DEBUG   SenderThread:10324 [gitlib.py:_init_repo():53] git repository is invalid
2025-03-13 18:02:57,450 INFO    SenderThread:10324 [dir_watcher.py:__init__():211] watching files in: E:\zjh\pykt-toolkit-main\examples\wandb\run-20250313_180255-e7dtmomk\files
2025-03-13 18:02:57,450 INFO    SenderThread:10324 [sender.py:_start_run_threads():1122] run started: e7dtmomk with start time 1741860176.065453
2025-03-13 18:02:57,450 DEBUG   SenderThread:10324 [sender.py:send_request():406] send_request: summary_record
2025-03-13 18:02:57,453 INFO    SenderThread:10324 [sender.py:_save_file():1376] saving file wandb-summary.json with policy end
2025-03-13 18:02:57,461 DEBUG   HandlerThread:10324 [handler.py:handle_request():144] handle_request: check_version
2025-03-13 18:02:57,461 DEBUG   SenderThread:10324 [sender.py:send_request():406] send_request: check_version
2025-03-13 18:02:58,460 INFO    Thread-16 :10324 [dir_watcher.py:_on_file_created():272] file/dir created: E:\zjh\pykt-toolkit-main\examples\wandb\run-20250313_180255-e7dtmomk\files\wandb-summary.json
2025-03-13 18:02:58,649 DEBUG   HandlerThread:10324 [handler.py:handle_request():144] handle_request: run_start
2025-03-13 18:02:58,663 DEBUG   HandlerThread:10324 [system_info.py:__init__():31] System info init
2025-03-13 18:02:58,663 DEBUG   HandlerThread:10324 [system_info.py:__init__():46] System info init done
2025-03-13 18:02:58,663 INFO    HandlerThread:10324 [system_monitor.py:start():181] Starting system monitor
2025-03-13 18:02:58,663 INFO    SystemMonitor:10324 [system_monitor.py:_start():145] Starting system asset monitoring threads
2025-03-13 18:02:58,663 INFO    HandlerThread:10324 [system_monitor.py:probe():201] Collecting system info
2025-03-13 18:02:58,666 INFO    SystemMonitor:10324 [interfaces.py:start():190] Started cpu monitoring
2025-03-13 18:02:58,666 INFO    SystemMonitor:10324 [interfaces.py:start():190] Started disk monitoring
2025-03-13 18:02:58,667 INFO    SystemMonitor:10324 [interfaces.py:start():190] Started gpu monitoring
2025-03-13 18:02:58,667 INFO    SystemMonitor:10324 [interfaces.py:start():190] Started memory monitoring
2025-03-13 18:02:58,670 INFO    SystemMonitor:10324 [interfaces.py:start():190] Started network monitoring
2025-03-13 18:02:58,678 DEBUG   HandlerThread:10324 [system_info.py:probe():195] Probing system
2025-03-13 18:02:58,679 DEBUG   HandlerThread:10324 [gitlib.py:_init_repo():53] git repository is invalid
2025-03-13 18:02:58,679 DEBUG   HandlerThread:10324 [system_info.py:probe():240] Probing system done
2025-03-13 18:02:58,679 DEBUG   HandlerThread:10324 [system_monitor.py:probe():210] {'os': 'Windows-10-10.0.19045-SP0', 'python': '3.8.17', 'heartbeatAt': '2025-03-13T10:02:58.678465', 'startedAt': '2025-03-13T10:02:55.421627', 'docker': None, 'cuda': None, 'args': (), 'state': 'running', 'program': 'E:\\zjh\\pykt-toolkit-main\\examples\\wandb_skvmn_train.py', 'codePath': 'wandb_skvmn_train.py', 'host': 'DESKTOP-CLCGSSC', 'username': 'IERI1', 'executable': 'D:\\anaconda\\envs\\pyKT\\python.exe', 'cpu_count': 24, 'cpu_count_logical': 32, 'cpu_freq': {'current': 3000.0, 'min': 0.0, 'max': 3000.0}, 'cpu_freq_per_core': [{'current': 3000.0, 'min': 0.0, 'max': 3000.0}], 'disk': {'total': 1862.9990234375, 'used': 1834.08544921875}, 'gpu': 'NVIDIA GeForce RTX 4090', 'gpu_count': 1, 'gpu_devices': [{'name': 'NVIDIA GeForce RTX 4090', 'memory_total': 25757220864}], 'memory': {'total': 63.813720703125}}
2025-03-13 18:02:58,679 INFO    HandlerThread:10324 [system_monitor.py:probe():211] Finished collecting system info
2025-03-13 18:02:58,679 INFO    HandlerThread:10324 [system_monitor.py:probe():214] Publishing system info
2025-03-13 18:02:58,679 DEBUG   HandlerThread:10324 [system_info.py:_save_pip():51] Saving list of pip packages installed into the current environment
2025-03-13 18:02:58,681 DEBUG   HandlerThread:10324 [system_info.py:_save_pip():67] Saving pip packages done
2025-03-13 18:02:58,681 DEBUG   HandlerThread:10324 [system_info.py:_save_conda():74] Saving list of conda packages installed into the current environment
2025-03-13 18:02:59,472 INFO    Thread-16 :10324 [dir_watcher.py:_on_file_created():272] file/dir created: E:\zjh\pykt-toolkit-main\examples\wandb\run-20250313_180255-e7dtmomk\files\requirements.txt
2025-03-13 18:02:59,472 INFO    Thread-16 :10324 [dir_watcher.py:_on_file_created():272] file/dir created: E:\zjh\pykt-toolkit-main\examples\wandb\run-20250313_180255-e7dtmomk\files\conda-environment.yaml
2025-03-13 18:02:59,994 DEBUG   HandlerThread:10324 [system_info.py:_save_conda():86] Saving conda packages done
2025-03-13 18:02:59,996 INFO    HandlerThread:10324 [system_monitor.py:probe():216] Finished publishing system info
2025-03-13 18:02:59,999 DEBUG   SenderThread:10324 [sender.py:send():379] send: files
2025-03-13 18:02:59,999 INFO    SenderThread:10324 [sender.py:_save_file():1376] saving file wandb-metadata.json with policy now
2025-03-13 18:03:00,003 DEBUG   HandlerThread:10324 [handler.py:handle_request():144] handle_request: stop_status
2025-03-13 18:03:00,003 DEBUG   SenderThread:10324 [sender.py:send_request():406] send_request: stop_status
2025-03-13 18:03:00,334 DEBUG   SenderThread:10324 [sender.py:send():379] send: telemetry
2025-03-13 18:03:00,336 DEBUG   SenderThread:10324 [sender.py:send():379] send: exit
2025-03-13 18:03:00,336 INFO    SenderThread:10324 [sender.py:send_exit():584] handling exit code: 1
2025-03-13 18:03:00,336 INFO    SenderThread:10324 [sender.py:send_exit():586] handling runtime: 1
2025-03-13 18:03:00,338 INFO    SenderThread:10324 [sender.py:_save_file():1376] saving file wandb-summary.json with policy end
2025-03-13 18:03:00,339 INFO    SenderThread:10324 [sender.py:send_exit():592] send defer
2025-03-13 18:03:00,339 DEBUG   HandlerThread:10324 [handler.py:handle_request():144] handle_request: defer
2025-03-13 18:03:00,339 INFO    HandlerThread:10324 [handler.py:handle_request_defer():170] handle defer: 0
2025-03-13 18:03:00,339 DEBUG   SenderThread:10324 [sender.py:send_request():406] send_request: defer
2025-03-13 18:03:00,339 INFO    SenderThread:10324 [sender.py:send_request_defer():608] handle sender defer: 0
2025-03-13 18:03:00,339 INFO    SenderThread:10324 [sender.py:transition_state():612] send defer: 1
2025-03-13 18:03:00,339 DEBUG   HandlerThread:10324 [handler.py:handle_request():144] handle_request: defer
2025-03-13 18:03:00,339 INFO    HandlerThread:10324 [handler.py:handle_request_defer():170] handle defer: 1
2025-03-13 18:03:00,340 DEBUG   SenderThread:10324 [sender.py:send_request():406] send_request: defer
2025-03-13 18:03:00,340 INFO    SenderThread:10324 [sender.py:send_request_defer():608] handle sender defer: 1
2025-03-13 18:03:00,340 INFO    SenderThread:10324 [sender.py:transition_state():612] send defer: 2
2025-03-13 18:03:00,340 DEBUG   HandlerThread:10324 [handler.py:handle_request():144] handle_request: defer
2025-03-13 18:03:00,340 INFO    HandlerThread:10324 [handler.py:handle_request_defer():170] handle defer: 2
2025-03-13 18:03:00,340 INFO    HandlerThread:10324 [system_monitor.py:finish():190] Stopping system monitor
2025-03-13 18:03:00,340 DEBUG   SystemMonitor:10324 [system_monitor.py:_start():159] Starting system metrics aggregation loop
2025-03-13 18:03:00,340 DEBUG   SystemMonitor:10324 [system_monitor.py:_start():166] Finished system metrics aggregation loop
2025-03-13 18:03:00,340 DEBUG   SystemMonitor:10324 [system_monitor.py:_start():170] Publishing last batch of metrics
2025-03-13 18:03:00,345 INFO    HandlerThread:10324 [interfaces.py:finish():202] Joined cpu monitor
2025-03-13 18:03:00,346 INFO    HandlerThread:10324 [interfaces.py:finish():202] Joined disk monitor
2025-03-13 18:03:00,361 INFO    HandlerThread:10324 [interfaces.py:finish():202] Joined gpu monitor
2025-03-13 18:03:00,361 INFO    HandlerThread:10324 [interfaces.py:finish():202] Joined memory monitor
2025-03-13 18:03:00,361 INFO    HandlerThread:10324 [interfaces.py:finish():202] Joined network monitor
2025-03-13 18:03:00,362 DEBUG   SenderThread:10324 [sender.py:send_request():406] send_request: defer
2025-03-13 18:03:00,362 INFO    SenderThread:10324 [sender.py:send_request_defer():608] handle sender defer: 2
2025-03-13 18:03:00,362 INFO    SenderThread:10324 [sender.py:transition_state():612] send defer: 3
2025-03-13 18:03:00,362 DEBUG   SenderThread:10324 [sender.py:send():379] send: stats
2025-03-13 18:03:00,362 DEBUG   HandlerThread:10324 [handler.py:handle_request():144] handle_request: defer
2025-03-13 18:03:00,362 INFO    HandlerThread:10324 [handler.py:handle_request_defer():170] handle defer: 3
2025-03-13 18:03:00,362 DEBUG   SenderThread:10324 [sender.py:send_request():406] send_request: defer
2025-03-13 18:03:00,363 INFO    SenderThread:10324 [sender.py:send_request_defer():608] handle sender defer: 3
2025-03-13 18:03:00,363 INFO    SenderThread:10324 [sender.py:transition_state():612] send defer: 4
2025-03-13 18:03:00,363 DEBUG   HandlerThread:10324 [handler.py:handle_request():144] handle_request: defer
2025-03-13 18:03:00,363 INFO    HandlerThread:10324 [handler.py:handle_request_defer():170] handle defer: 4
2025-03-13 18:03:00,363 DEBUG   SenderThread:10324 [sender.py:send_request():406] send_request: defer
2025-03-13 18:03:00,363 INFO    SenderThread:10324 [sender.py:send_request_defer():608] handle sender defer: 4
2025-03-13 18:03:00,363 INFO    SenderThread:10324 [sender.py:transition_state():612] send defer: 5
2025-03-13 18:03:00,363 DEBUG   HandlerThread:10324 [handler.py:handle_request():144] handle_request: defer
2025-03-13 18:03:00,363 INFO    HandlerThread:10324 [handler.py:handle_request_defer():170] handle defer: 5
2025-03-13 18:03:00,363 DEBUG   SenderThread:10324 [sender.py:send():379] send: summary
2025-03-13 18:03:00,365 INFO    SenderThread:10324 [sender.py:_save_file():1376] saving file wandb-summary.json with policy end
2025-03-13 18:03:00,365 DEBUG   SenderThread:10324 [sender.py:send_request():406] send_request: defer
2025-03-13 18:03:00,365 INFO    SenderThread:10324 [sender.py:send_request_defer():608] handle sender defer: 5
2025-03-13 18:03:00,365 INFO    SenderThread:10324 [sender.py:transition_state():612] send defer: 6
2025-03-13 18:03:00,365 DEBUG   HandlerThread:10324 [handler.py:handle_request():144] handle_request: defer
2025-03-13 18:03:00,365 INFO    HandlerThread:10324 [handler.py:handle_request_defer():170] handle defer: 6
2025-03-13 18:03:00,365 DEBUG   SenderThread:10324 [sender.py:send_request():406] send_request: defer
2025-03-13 18:03:00,365 INFO    SenderThread:10324 [sender.py:send_request_defer():608] handle sender defer: 6
2025-03-13 18:03:00,367 DEBUG   HandlerThread:10324 [handler.py:handle_request():144] handle_request: status_report
2025-03-13 18:03:00,485 INFO    Thread-16 :10324 [dir_watcher.py:_on_file_modified():289] file/dir modified: E:\zjh\pykt-toolkit-main\examples\wandb\run-20250313_180255-e7dtmomk\files\conda-environment.yaml
2025-03-13 18:03:00,486 INFO    Thread-16 :10324 [dir_watcher.py:_on_file_modified():289] file/dir modified: E:\zjh\pykt-toolkit-main\examples\wandb\run-20250313_180255-e7dtmomk\files\wandb-summary.json
2025-03-13 18:03:00,487 INFO    Thread-16 :10324 [dir_watcher.py:_on_file_created():272] file/dir created: E:\zjh\pykt-toolkit-main\examples\wandb\run-20250313_180255-e7dtmomk\files\output.log
2025-03-13 18:03:00,487 INFO    Thread-16 :10324 [dir_watcher.py:_on_file_created():272] file/dir created: E:\zjh\pykt-toolkit-main\examples\wandb\run-20250313_180255-e7dtmomk\files\wandb-metadata.json
2025-03-13 18:03:00,699 INFO    SenderThread:10324 [sender.py:transition_state():612] send defer: 7
2025-03-13 18:03:00,699 DEBUG   HandlerThread:10324 [handler.py:handle_request():144] handle_request: defer
2025-03-13 18:03:00,699 INFO    HandlerThread:10324 [handler.py:handle_request_defer():170] handle defer: 7
2025-03-13 18:03:00,700 DEBUG   SenderThread:10324 [sender.py:send_request():406] send_request: defer
2025-03-13 18:03:00,700 INFO    SenderThread:10324 [sender.py:send_request_defer():608] handle sender defer: 7
2025-03-13 18:03:01,014 DEBUG   HandlerThread:10324 [handler.py:handle_request():144] handle_request: poll_exit
2025-03-13 18:03:01,498 INFO    Thread-16 :10324 [dir_watcher.py:_on_file_modified():289] file/dir modified: E:\zjh\pykt-toolkit-main\examples\wandb\run-20250313_180255-e7dtmomk\files\config.yaml
2025-03-13 18:03:04,338 INFO    SenderThread:10324 [sender.py:transition_state():612] send defer: 8
2025-03-13 18:03:04,338 DEBUG   SenderThread:10324 [sender.py:send_request():406] send_request: poll_exit
2025-03-13 18:03:04,338 DEBUG   HandlerThread:10324 [handler.py:handle_request():144] handle_request: defer
2025-03-13 18:03:04,338 INFO    HandlerThread:10324 [handler.py:handle_request_defer():170] handle defer: 8
2025-03-13 18:03:04,339 DEBUG   SenderThread:10324 [sender.py:send_request():406] send_request: defer
2025-03-13 18:03:04,339 INFO    SenderThread:10324 [sender.py:send_request_defer():608] handle sender defer: 8
2025-03-13 18:03:04,339 INFO    SenderThread:10324 [job_builder.py:build():280] Attempting to build job artifact
2025-03-13 18:03:04,339 INFO    SenderThread:10324 [job_builder.py:_get_source_type():400] no source found
2025-03-13 18:03:04,339 INFO    SenderThread:10324 [sender.py:transition_state():612] send defer: 9
2025-03-13 18:03:04,339 DEBUG   HandlerThread:10324 [handler.py:handle_request():144] handle_request: defer
2025-03-13 18:03:04,339 INFO    HandlerThread:10324 [handler.py:handle_request_defer():170] handle defer: 9
2025-03-13 18:03:04,339 DEBUG   SenderThread:10324 [sender.py:send_request():406] send_request: defer
2025-03-13 18:03:04,339 INFO    SenderThread:10324 [sender.py:send_request_defer():608] handle sender defer: 9
2025-03-13 18:03:04,339 INFO    SenderThread:10324 [dir_watcher.py:finish():359] shutting down directory watcher
2025-03-13 18:03:04,524 INFO    SenderThread:10324 [dir_watcher.py:_on_file_modified():289] file/dir modified: E:\zjh\pykt-toolkit-main\examples\wandb\run-20250313_180255-e7dtmomk\files\output.log
2025-03-13 18:03:04,524 INFO    SenderThread:10324 [dir_watcher.py:finish():389] scan: E:\zjh\pykt-toolkit-main\examples\wandb\run-20250313_180255-e7dtmomk\files
2025-03-13 18:03:04,525 INFO    SenderThread:10324 [dir_watcher.py:finish():403] scan save: E:\zjh\pykt-toolkit-main\examples\wandb\run-20250313_180255-e7dtmomk\files\config.yaml config.yaml
2025-03-13 18:03:04,525 INFO    SenderThread:10324 [dir_watcher.py:finish():403] scan save: E:\zjh\pykt-toolkit-main\examples\wandb\run-20250313_180255-e7dtmomk\files\wandb-summary.json wandb-summary.json
2025-03-13 18:03:04,526 INFO    SenderThread:10324 [dir_watcher.py:finish():403] scan save: E:\zjh\pykt-toolkit-main\examples\wandb\run-20250313_180255-e7dtmomk\files\requirements.txt requirements.txt
2025-03-13 18:03:04,526 INFO    SenderThread:10324 [dir_watcher.py:finish():403] scan save: E:\zjh\pykt-toolkit-main\examples\wandb\run-20250313_180255-e7dtmomk\files\conda-environment.yaml conda-environment.yaml
2025-03-13 18:03:04,526 INFO    SenderThread:10324 [dir_watcher.py:finish():403] scan save: E:\zjh\pykt-toolkit-main\examples\wandb\run-20250313_180255-e7dtmomk\files\wandb-metadata.json wandb-metadata.json
2025-03-13 18:03:04,526 INFO    SenderThread:10324 [dir_watcher.py:finish():403] scan save: E:\zjh\pykt-toolkit-main\examples\wandb\run-20250313_180255-e7dtmomk\files\output.log output.log
2025-03-13 18:03:04,527 INFO    SenderThread:10324 [sender.py:transition_state():612] send defer: 10
2025-03-13 18:03:04,528 DEBUG   HandlerThread:10324 [handler.py:handle_request():144] handle_request: defer
2025-03-13 18:03:04,528 INFO    HandlerThread:10324 [handler.py:handle_request_defer():170] handle defer: 10
2025-03-13 18:03:04,530 DEBUG   SenderThread:10324 [sender.py:send_request():406] send_request: defer
2025-03-13 18:03:04,530 INFO    SenderThread:10324 [sender.py:send_request_defer():608] handle sender defer: 10
2025-03-13 18:03:04,531 INFO    SenderThread:10324 [file_pusher.py:finish():159] shutting down file pusher
2025-03-13 18:03:06,069 DEBUG   HandlerThread:10324 [handler.py:handle_request():144] handle_request: keepalive
2025-03-13 18:03:09,592 DEBUG   HandlerThread:10324 [handler.py:handle_request():144] handle_request: status_report
2025-03-13 18:03:11,123 DEBUG   HandlerThread:10324 [handler.py:handle_request():144] handle_request: keepalive
2025-03-13 18:03:14,648 DEBUG   HandlerThread:10324 [handler.py:handle_request():144] handle_request: status_report
2025-03-13 18:03:16,170 DEBUG   HandlerThread:10324 [handler.py:handle_request():144] handle_request: keepalive
2025-03-13 18:03:17,624 INFO    wandb-upload_1:10324 [upload_job.py:push():131] Uploaded file E:\zjh\pykt-toolkit-main\examples\wandb\run-20250313_180255-e7dtmomk\files\config.yaml
2025-03-13 18:03:19,708 DEBUG   HandlerThread:10324 [handler.py:handle_request():144] handle_request: status_report
2025-03-13 18:03:19,852 INFO    wandb-upload_0:10324 [upload_job.py:push():131] Uploaded file C:\Users\IERI1\AppData\Local\Temp\tmpis1ejtp6wandb\0bbtrq58-wandb-metadata.json
2025-03-13 18:03:21,231 DEBUG   HandlerThread:10324 [handler.py:handle_request():144] handle_request: keepalive
2025-03-13 18:03:24,758 DEBUG   HandlerThread:10324 [handler.py:handle_request():144] handle_request: status_report
2025-03-13 18:03:26,282 DEBUG   HandlerThread:10324 [handler.py:handle_request():144] handle_request: keepalive
2025-03-13 18:03:27,328 ERROR   wandb-upload_4:10324 [internal_api.py:upload_file():2290] upload_file exception https://storage.googleapis.com/wandb-production.appspot.com/jnugojo-jinan-university/uncategorized/e7dtmomk/conda-environment.yaml?Expires=1741946586&GoogleAccessId=gorilla-files-url-signer-man%40wandb-production.iam.gserviceaccount.com&Signature=JkcxJs8SaZ%2Bx%2BQEPE7Zxxkcu3BGdh2Faz39jjoXNyeEzRqsTH5%2FbTsj3NhbbiZp5rW4aq5I%2Fv8L6p%2BEQ%2FN54yxK83szDTLy79W3phH2YSQNnkRBhg4j3QyydxD2UfKt%2BStt4HLR9OG3r4z8cNX3qHF9ibbxopMBQIOsdjPGlRJ0HT8N1BxbVYXxfMTbysB%2FVPkpPS6Naf5DC1Fn4gSgk6yKr4xSp3Z3zqkAlVzlVR%2F%2BUAxjFtkRwTH8M%2BUxhhrDa4F5ukQ4MAyEx16xj0%2Fa2rZ4qjgMq30etv8z2hnlvJ%2B8UmJBiv6xQgBljvaScaSLqG%2BWFwUVnieJxjVoJleA7OQ%3D%3D: ('Connection aborted.', ConnectionResetError(10054, '远程主机强迫关闭了一个现有的连接。', None, 10054, None))
2025-03-13 18:03:27,338 ERROR   wandb-upload_4:10324 [internal_api.py:upload_file():2292] upload_file request headers: {'User-Agent': 'python-requests/2.29.0', 'Accept-Encoding': 'gzip, deflate, br', 'Accept': '*/*', 'Connection': 'keep-alive', 'Content-Length': '6593'}
2025-03-13 18:03:27,338 ERROR   wandb-upload_4:10324 [internal_api.py:upload_file():2294] upload_file response body: 
2025-03-13 18:03:29,812 DEBUG   HandlerThread:10324 [handler.py:handle_request():144] handle_request: status_report
2025-03-13 18:03:31,339 DEBUG   HandlerThread:10324 [handler.py:handle_request():144] handle_request: keepalive
2025-03-13 18:03:34,869 DEBUG   HandlerThread:10324 [handler.py:handle_request():144] handle_request: status_report
2025-03-13 18:03:36,023 INFO    wandb-upload_3:10324 [upload_job.py:push():131] Uploaded file E:\zjh\pykt-toolkit-main\examples\wandb\run-20250313_180255-e7dtmomk\files\requirements.txt
2025-03-13 18:03:36,399 DEBUG   HandlerThread:10324 [handler.py:handle_request():144] handle_request: keepalive
2025-03-13 18:03:39,900 DEBUG   HandlerThread:10324 [handler.py:handle_request():144] handle_request: status_report
2025-03-13 18:03:41,451 DEBUG   HandlerThread:10324 [handler.py:handle_request():144] handle_request: keepalive
2025-03-13 18:03:43,389 ERROR   wandb-upload_5:10324 [internal_api.py:upload_file():2290] upload_file exception https://storage.googleapis.com/wandb-production.appspot.com/jnugojo-jinan-university/uncategorized/e7dtmomk/output.log?Expires=1741946586&GoogleAccessId=gorilla-files-url-signer-man%40wandb-production.iam.gserviceaccount.com&Signature=v6gFbBdAyMTVCau%2B4O8jW%2FnASf6tS3xv2gz%2B4ln3%2Bt6qyc0hMP9YE4XxYMkKYbJbC0v6tNwQPqtroRQhFSMYa2X341F54djCSC6aj78WpNxP23NcCdtGMhoekKY5uJ93axE9ZW2w6S4g6WuHvtlntfxa8kae1O%2BEBXMmnzhxvAXMC7Zcd2QZv4YckIS2lUUkUXGEYs0ghJy7PEvG5HKjaBNS%2FLC0FBSCZtIyZ1EIysd8F1uLt%2B2LRtxwgF5fY0rdexe2R%2BPXh8iX5j8teoQxPSXlevWFK75MU25GDFzokM%2FhKnc4VceYGVfFUCw9n69pGMOrYLj5Hrr30yl3n%2BzOjA%3D%3D: ('Connection aborted.', RemoteDisconnected('Remote end closed connection without response'))
2025-03-13 18:03:43,389 ERROR   wandb-upload_5:10324 [internal_api.py:upload_file():2292] upload_file request headers: {'User-Agent': 'python-requests/2.29.0', 'Accept-Encoding': 'gzip, deflate, br', 'Accept': '*/*', 'Connection': 'keep-alive', 'Content-Length': '334'}
2025-03-13 18:03:43,389 ERROR   wandb-upload_5:10324 [internal_api.py:upload_file():2294] upload_file response body: 
2025-03-13 18:03:44,939 DEBUG   HandlerThread:10324 [handler.py:handle_request():144] handle_request: status_report
2025-03-13 18:03:46,502 DEBUG   HandlerThread:10324 [handler.py:handle_request():144] handle_request: keepalive
2025-03-13 18:03:49,982 DEBUG   HandlerThread:10324 [handler.py:handle_request():144] handle_request: status_report
2025-03-13 18:03:51,550 DEBUG   HandlerThread:10324 [handler.py:handle_request():144] handle_request: keepalive
2025-03-13 18:03:53,862 ERROR   wandb-upload_2:10324 [internal_api.py:upload_file():2290] upload_file exception https://storage.googleapis.com/wandb-production.appspot.com/jnugojo-jinan-university/uncategorized/e7dtmomk/wandb-summary.json?Expires=1741946585&GoogleAccessId=gorilla-files-url-signer-man%40wandb-production.iam.gserviceaccount.com&Signature=fWYn3LWpVnS3lQjv6PCOKAFuRYg1ynuqjnEPocQ7V6HC2iRvrRpgl6lUHIgYNKC9iKJVKeD4XcVv%2BA5shqqW%2F5c6DGCg0lWICpeRi7aqmu5NUjuImspzKMTAGVnvenrMyo8M%2BToFSZZ0ULj3flBdxQAaA%2BMX6SGCU56K%2B5VHOl5wf0GaxWR8nLNriFxSWchsPyKpGxea8Mq7UHDRVN7tVPcMOU4vHBp0ZyQHqWx7J59DLRBq1pr9UtLuNZCw0ON13UiYEwVqwIlYVJJF0Ar0fokkbDytPjmzQh0b4jaBC7TCalU9KaJIciuedDq1FTWvGvOaZmbu1Fwbb8q1HELlaA%3D%3D: ('Connection aborted.', ConnectionResetError(10054, '远程主机强迫关闭了一个现有的连接。', None, 10054, None))
2025-03-13 18:03:53,862 ERROR   wandb-upload_2:10324 [internal_api.py:upload_file():2292] upload_file request headers: {'User-Agent': 'python-requests/2.29.0', 'Accept-Encoding': 'gzip, deflate, br', 'Accept': '*/*', 'Connection': 'keep-alive', 'Content-Length': '26'}
2025-03-13 18:03:53,862 ERROR   wandb-upload_2:10324 [internal_api.py:upload_file():2294] upload_file response body: 
2025-03-13 18:03:53,862 INFO    wandb-upload_2:10324 [retry.py:__call__():172] Retry attempt failed:
Traceback (most recent call last):
  File "D:\anaconda\envs\pyKT\lib\site-packages\urllib3\connectionpool.py", line 714, in urlopen
    httplib_response = self._make_request(
  File "D:\anaconda\envs\pyKT\lib\site-packages\urllib3\connectionpool.py", line 466, in _make_request
    six.raise_from(e, None)
  File "<string>", line 3, in raise_from
  File "D:\anaconda\envs\pyKT\lib\site-packages\urllib3\connectionpool.py", line 461, in _make_request
    httplib_response = conn.getresponse()
  File "D:\anaconda\envs\pyKT\lib\http\client.py", line 1348, in getresponse
    response.begin()
  File "D:\anaconda\envs\pyKT\lib\http\client.py", line 316, in begin
    version, status, reason = self._read_status()
  File "D:\anaconda\envs\pyKT\lib\http\client.py", line 277, in _read_status
    line = str(self.fp.readline(_MAXLINE + 1), "iso-8859-1")
  File "D:\anaconda\envs\pyKT\lib\socket.py", line 669, in readinto
    return self._sock.recv_into(b)
  File "D:\anaconda\envs\pyKT\lib\ssl.py", line 1241, in recv_into
    return self.read(nbytes, buffer)
  File "D:\anaconda\envs\pyKT\lib\ssl.py", line 1099, in read
    return self._sslobj.read(len, buffer)
ConnectionResetError: [WinError 10054] 远程主机强迫关闭了一个现有的连接。

During handling of the above exception, another exception occurred:

Traceback (most recent call last):
  File "D:\anaconda\envs\pyKT\lib\site-packages\requests\adapters.py", line 487, in send
    resp = conn.urlopen(
  File "D:\anaconda\envs\pyKT\lib\site-packages\urllib3\connectionpool.py", line 798, in urlopen
    retries = retries.increment(
  File "D:\anaconda\envs\pyKT\lib\site-packages\urllib3\util\retry.py", line 550, in increment
    raise six.reraise(type(error), error, _stacktrace)
  File "D:\anaconda\envs\pyKT\lib\site-packages\urllib3\packages\six.py", line 769, in reraise
    raise value.with_traceback(tb)
  File "D:\anaconda\envs\pyKT\lib\site-packages\urllib3\connectionpool.py", line 714, in urlopen
    httplib_response = self._make_request(
  File "D:\anaconda\envs\pyKT\lib\site-packages\urllib3\connectionpool.py", line 466, in _make_request
    six.raise_from(e, None)
  File "<string>", line 3, in raise_from
  File "D:\anaconda\envs\pyKT\lib\site-packages\urllib3\connectionpool.py", line 461, in _make_request
    httplib_response = conn.getresponse()
  File "D:\anaconda\envs\pyKT\lib\http\client.py", line 1348, in getresponse
    response.begin()
  File "D:\anaconda\envs\pyKT\lib\http\client.py", line 316, in begin
    version, status, reason = self._read_status()
  File "D:\anaconda\envs\pyKT\lib\http\client.py", line 277, in _read_status
    line = str(self.fp.readline(_MAXLINE + 1), "iso-8859-1")
  File "D:\anaconda\envs\pyKT\lib\socket.py", line 669, in readinto
    return self._sock.recv_into(b)
  File "D:\anaconda\envs\pyKT\lib\ssl.py", line 1241, in recv_into
    return self.read(nbytes, buffer)
  File "D:\anaconda\envs\pyKT\lib\ssl.py", line 1099, in read
    return self._sslobj.read(len, buffer)
urllib3.exceptions.ProtocolError: ('Connection aborted.', ConnectionResetError(10054, '远程主机强迫关闭了一个现有的连接。', None, 10054, None))

During handling of the above exception, another exception occurred:

Traceback (most recent call last):
  File "D:\anaconda\envs\pyKT\lib\site-packages\wandb\sdk\internal\internal_api.py", line 2285, in upload_file
    response = self._upload_file_session.put(
  File "D:\anaconda\envs\pyKT\lib\site-packages\requests\sessions.py", line 647, in put
    return self.request("PUT", url, data=data, **kwargs)
  File "D:\anaconda\envs\pyKT\lib\site-packages\requests\sessions.py", line 587, in request
    resp = self.send(prep, **send_kwargs)
  File "D:\anaconda\envs\pyKT\lib\site-packages\requests\sessions.py", line 701, in send
    r = adapter.send(request, **kwargs)
  File "D:\anaconda\envs\pyKT\lib\site-packages\requests\adapters.py", line 502, in send
    raise ConnectionError(err, request=request)
requests.exceptions.ConnectionError: ('Connection aborted.', ConnectionResetError(10054, '远程主机强迫关闭了一个现有的连接。', None, 10054, None))

During handling of the above exception, another exception occurred:

Traceback (most recent call last):
  File "D:\anaconda\envs\pyKT\lib\site-packages\wandb\sdk\lib\retry.py", line 131, in __call__
    result = self._call_fn(*args, **kwargs)
  File "D:\anaconda\envs\pyKT\lib\site-packages\wandb\sdk\internal\internal_api.py", line 2314, in upload_file
    raise _e.with_traceback(sys.exc_info()[2])
  File "D:\anaconda\envs\pyKT\lib\site-packages\wandb\sdk\internal\internal_api.py", line 2285, in upload_file
    response = self._upload_file_session.put(
  File "D:\anaconda\envs\pyKT\lib\site-packages\requests\sessions.py", line 647, in put
    return self.request("PUT", url, data=data, **kwargs)
  File "D:\anaconda\envs\pyKT\lib\site-packages\requests\sessions.py", line 587, in request
    resp = self.send(prep, **send_kwargs)
  File "D:\anaconda\envs\pyKT\lib\site-packages\requests\sessions.py", line 701, in send
    r = adapter.send(request, **kwargs)
  File "D:\anaconda\envs\pyKT\lib\site-packages\requests\adapters.py", line 502, in send
    raise ConnectionError(err, request=request)
wandb.sdk.lib.retry.TransientError: None
2025-03-13 18:03:55,031 DEBUG   HandlerThread:10324 [handler.py:handle_request():144] handle_request: status_report
2025-03-13 18:03:56,597 DEBUG   HandlerThread:10324 [handler.py:handle_request():144] handle_request: keepalive
2025-03-13 18:04:00,080 DEBUG   HandlerThread:10324 [handler.py:handle_request():144] handle_request: status_report
2025-03-13 18:04:01,651 DEBUG   HandlerThread:10324 [handler.py:handle_request():144] handle_request: keepalive
2025-03-13 18:04:01,760 INFO    wandb-upload_4:10324 [upload_job.py:push():131] Uploaded file E:\zjh\pykt-toolkit-main\examples\wandb\run-20250313_180255-e7dtmomk\files\conda-environment.yaml
2025-03-13 18:04:05,121 DEBUG   HandlerThread:10324 [handler.py:handle_request():144] handle_request: status_report
2025-03-13 18:04:06,683 DEBUG   HandlerThread:10324 [handler.py:handle_request():144] handle_request: keepalive
2025-03-13 18:04:10,171 DEBUG   HandlerThread:10324 [handler.py:handle_request():144] handle_request: status_report
2025-03-13 18:04:11,746 DEBUG   HandlerThread:10324 [handler.py:handle_request():144] handle_request: keepalive
2025-03-13 18:04:15,200 DEBUG   HandlerThread:10324 [handler.py:handle_request():144] handle_request: status_report
2025-03-13 18:04:16,780 DEBUG   HandlerThread:10324 [handler.py:handle_request():144] handle_request: keepalive
2025-03-13 18:04:20,244 DEBUG   HandlerThread:10324 [handler.py:handle_request():144] handle_request: status_report
2025-03-13 18:04:21,823 DEBUG   HandlerThread:10324 [handler.py:handle_request():144] handle_request: keepalive
2025-03-13 18:04:25,291 DEBUG   HandlerThread:10324 [handler.py:handle_request():144] handle_request: status_report
2025-03-13 18:04:26,861 DEBUG   HandlerThread:10324 [handler.py:handle_request():144] handle_request: keepalive
2025-03-13 18:04:30,340 DEBUG   HandlerThread:10324 [handler.py:handle_request():144] handle_request: status_report
2025-03-13 18:04:30,382 ERROR   wandb-upload_2:10324 [internal_api.py:upload_file():2290] upload_file exception https://storage.googleapis.com/wandb-production.appspot.com/jnugojo-jinan-university/uncategorized/e7dtmomk/wandb-summary.json?Expires=1741946585&GoogleAccessId=gorilla-files-url-signer-man%40wandb-production.iam.gserviceaccount.com&Signature=fWYn3LWpVnS3lQjv6PCOKAFuRYg1ynuqjnEPocQ7V6HC2iRvrRpgl6lUHIgYNKC9iKJVKeD4XcVv%2BA5shqqW%2F5c6DGCg0lWICpeRi7aqmu5NUjuImspzKMTAGVnvenrMyo8M%2BToFSZZ0ULj3flBdxQAaA%2BMX6SGCU56K%2B5VHOl5wf0GaxWR8nLNriFxSWchsPyKpGxea8Mq7UHDRVN7tVPcMOU4vHBp0ZyQHqWx7J59DLRBq1pr9UtLuNZCw0ON13UiYEwVqwIlYVJJF0Ar0fokkbDytPjmzQh0b4jaBC7TCalU9KaJIciuedDq1FTWvGvOaZmbu1Fwbb8q1HELlaA%3D%3D: ('Connection aborted.', RemoteDisconnected('Remote end closed connection without response'))
2025-03-13 18:04:30,382 ERROR   wandb-upload_2:10324 [internal_api.py:upload_file():2292] upload_file request headers: {'User-Agent': 'python-requests/2.29.0', 'Accept-Encoding': 'gzip, deflate, br', 'Accept': '*/*', 'Connection': 'keep-alive', 'Content-Length': '26'}
2025-03-13 18:04:30,382 ERROR   wandb-upload_2:10324 [internal_api.py:upload_file():2294] upload_file response body: 
2025-03-13 18:04:30,548 ERROR   wandb-upload_5:10324 [internal_api.py:upload_file():2290] upload_file exception https://storage.googleapis.com/wandb-production.appspot.com/jnugojo-jinan-university/uncategorized/e7dtmomk/output.log?Expires=1741946586&GoogleAccessId=gorilla-files-url-signer-man%40wandb-production.iam.gserviceaccount.com&Signature=v6gFbBdAyMTVCau%2B4O8jW%2FnASf6tS3xv2gz%2B4ln3%2Bt6qyc0hMP9YE4XxYMkKYbJbC0v6tNwQPqtroRQhFSMYa2X341F54djCSC6aj78WpNxP23NcCdtGMhoekKY5uJ93axE9ZW2w6S4g6WuHvtlntfxa8kae1O%2BEBXMmnzhxvAXMC7Zcd2QZv4YckIS2lUUkUXGEYs0ghJy7PEvG5HKjaBNS%2FLC0FBSCZtIyZ1EIysd8F1uLt%2B2LRtxwgF5fY0rdexe2R%2BPXh8iX5j8teoQxPSXlevWFK75MU25GDFzokM%2FhKnc4VceYGVfFUCw9n69pGMOrYLj5Hrr30yl3n%2BzOjA%3D%3D: ('Connection aborted.', RemoteDisconnected('Remote end closed connection without response'))
2025-03-13 18:04:30,548 ERROR   wandb-upload_5:10324 [internal_api.py:upload_file():2292] upload_file request headers: {'User-Agent': 'python-requests/2.29.0', 'Accept-Encoding': 'gzip, deflate, br', 'Accept': '*/*', 'Connection': 'keep-alive', 'Content-Length': '334'}
2025-03-13 18:04:30,548 ERROR   wandb-upload_5:10324 [internal_api.py:upload_file():2294] upload_file response body: 
2025-03-13 18:04:31,891 DEBUG   HandlerThread:10324 [handler.py:handle_request():144] handle_request: keepalive
2025-03-13 18:04:35,384 DEBUG   HandlerThread:10324 [handler.py:handle_request():144] handle_request: status_report
2025-03-13 18:04:36,925 DEBUG   HandlerThread:10324 [handler.py:handle_request():144] handle_request: keepalive
2025-03-13 18:04:40,422 DEBUG   HandlerThread:10324 [handler.py:handle_request():144] handle_request: status_report
2025-03-13 18:04:41,952 DEBUG   HandlerThread:10324 [handler.py:handle_request():144] handle_request: keepalive
2025-03-13 18:04:45,454 DEBUG   HandlerThread:10324 [handler.py:handle_request():144] handle_request: status_report
